<?xml version="1.0" encoding="utf-8"?><testsuites><testsuite errors="0" failures="0" hostname="ubuntu-18" name="pytest" skipped="0" tests="10" time="5.724" timestamp="2022-06-07T13:45:04.266423"><testcase classname="tests.test_crawler" name="test_google_search" time="0.726" /><testcase classname="tests.test_crawler" name="test_get_source_try" time="0.596" /><testcase classname="tests.test_crawler" name="test_html_parser" time="0.232" /><testcase classname="tests.test_crawler" name="test_scrape_google" time="0.648" /><testcase classname="tests.test_crawler" name="test_html_getText" time="0.222" /><testcase classname="tests.test_crawler" name="test_word_count" time="0.262" /><testcase classname="tests.test_crawler" name="test_get_wordcount_json" time="0.213" /><testcase classname="tests.test_crawler" name="test_jsonarray_toexcel" time="0.397" /><testcase classname="tests.test_crawler" name="test_get_original_text" time="0.210" /><testcase classname="tests.test_crawler" name="test_get_resource_count" time="0.834" /></testsuite></testsuites>