<?xml version="1.0" encoding="utf-8"?><testsuites><testsuite errors="0" failures="0" hostname="ubuntu-18" name="pytest" skipped="0" tests="10" time="5.699" timestamp="2022-06-06T21:52:24.961064"><testcase classname="tests.test_crawler" name="test_google_search" time="0.791" /><testcase classname="tests.test_crawler" name="test_get_source_try" time="0.375" /><testcase classname="tests.test_crawler" name="test_html_parser" time="0.249" /><testcase classname="tests.test_crawler" name="test_scrape_google" time="0.617" /><testcase classname="tests.test_crawler" name="test_html_getText" time="0.196" /><testcase classname="tests.test_crawler" name="test_word_count" time="0.209" /><testcase classname="tests.test_crawler" name="test_get_wordcount_json" time="0.217" /><testcase classname="tests.test_crawler" name="test_jsonarray_toexcel" time="0.385" /><testcase classname="tests.test_crawler" name="test_get_original_text" time="0.206" /><testcase classname="tests.test_crawler" name="test_get_resource_count" time="0.958" /></testsuite></testsuites>